2025-05-25 11:44:38,005 [INFO] bot_logger: Проверка докладчика 105718620 — True
2025-05-25 11:44:38,005 [INFO] bot_logger: Регистрация пользователя 105718620
2025-05-25 11:44:38,006 [INFO] bot_logger: Пользователь 105718620 начал работу с ботом (/start)
2025-05-25 11:44:47,306 [INFO] bot_logger: Запрошены вопросы для спикера 105718620
2025-05-25 11:44:47,307 [INFO] bot_logger: Спикер 105718620 запросил список вопросов
2025-05-25 11:44:56,004 [INFO] bot_logger: Запрошены вопросы для спикера 105718620
2025-05-25 11:44:56,006 [INFO] bot_logger: Спикер 105718620 запросил список вопросов
2025-05-25 11:44:58,788 [INFO] bot_logger: Пользователь 105718620 запросил расписание мероприятия
2025-05-25 11:44:58,790 [INFO] bot_logger: Получено расписание мероприятий (2 событий)
2025-05-25 11:45:01,000 [INFO] bot_logger: Проверка докладчика 105718620 — True
2025-05-25 11:45:01,001 [INFO] bot_logger: Пользователь 105718620 вернулся в меню из расписания
2025-05-25 11:45:07,105 [INFO] bot_logger: Пользователь 105718620 начал процесс доната
2025-05-25 11:45:22,362 [INFO] bot_logger: Пользователь 105718620 ввёл сумму доната: 500
2025-05-25 11:45:22,363 [INFO] bot_logger: Проверка докладчика 105718620 — True
2025-05-25 11:45:22,364 [INFO] bot_logger: Пользователь 105718620 получает инвойс на сумму 500
2025-05-25 11:45:29,629 [INFO] bot_logger: Проверка докладчика 105718620 — True
2025-05-25 11:45:29,634 [INFO] bot_logger: Сохранён донат пользователя 105718620 на сумму 500
2025-05-25 11:45:29,634 [INFO] bot_logger: Пользователь 105718620 успешно задонатил 500 руб.
2025-05-25 11:45:33,471 [INFO] bot_logger: Проверка подписки пользователя 105718620: False
2025-05-25 11:45:33,471 [INFO] bot_logger: Пользователь 105718620 открыл раздел подписки
2025-05-25 11:45:34,515 [INFO] bot_logger: Проверка докладчика 105718620 — True
2025-05-25 11:45:34,519 [INFO] bot_logger: Пользователь 105718620 оформил подписку
2025-05-25 11:45:34,520 [INFO] bot_logger: Пользователь 105718620 оформил подписку
2025-05-25 11:45:38,968 [INFO] bot_logger: Спикер 105718620 начал выступление
2025-05-25 11:45:38,977 [INFO] bot_logger: Назначен активный доклад: 5
2025-05-25 11:45:38,977 [INFO] bot_logger: Старт выступления: 105718620 (talk_id=5)
2025-05-25 11:45:44,295 [INFO] bot_logger: Запрошены вопросы для спикера 105718620
2025-05-25 11:45:44,296 [INFO] bot_logger: Спикер 105718620 запросил список вопросов
2025-05-25 11:46:10,591 [INFO] bot_logger: Проверка докладчика 7956301673 — False
2025-05-25 11:46:10,591 [INFO] bot_logger: Регистрация пользователя 7956301673
2025-05-25 11:46:10,591 [INFO] bot_logger: Пользователь 7956301673 начал работу с ботом (/start)
2025-05-25 11:46:15,001 [INFO] bot_logger: Пользователь 7956301673 запросил расписание мероприятия
2025-05-25 11:46:15,002 [INFO] bot_logger: Получено расписание мероприятий (2 событий)
2025-05-25 11:46:16,294 [INFO] bot_logger: Проверка докладчика 7956301673 — False
2025-05-25 11:46:16,295 [INFO] bot_logger: Пользователь 7956301673 вернулся в меню из расписания
2025-05-25 11:46:18,296 [INFO] bot_logger: Активный спикер: Роман Грачев (talk_id=5)
2025-05-25 11:46:18,296 [INFO] bot_logger: Проверка докладчика 7956301673 — False
2025-05-25 11:46:18,296 [INFO] bot_logger: Пользователь 7956301673 зашёл в раздел Q&A
2025-05-25 11:46:27,208 [INFO] bot_logger: Проверка докладчика 7956301673 — False
2025-05-25 11:46:27,214 [INFO] bot_logger: Пользователь 7956301673 задал вопрос активному спикеру Роман Грачев
2025-05-25 11:46:27,214 [INFO] bot_logger: Пользователь 7956301673 отправил вопрос спикеру: 'Как жизнь бро?'
2025-05-25 11:46:30,150 [INFO] bot_logger: Запрошены вопросы для спикера 105718620
2025-05-25 11:46:30,151 [INFO] bot_logger: Спикер 105718620 запросил список вопросов
2025-05-25 11:46:59,238 [INFO] bot_logger: Пользователь 7956301673 начал заявку на спикера
2025-05-25 11:47:04,417 [INFO] bot_logger: Пользователь 7956301673 ввёл ФИО для заявки на спикера: Важный чел
2025-05-25 11:47:08,891 [INFO] bot_logger: Проверка докладчика 7956301673 — False
2025-05-25 11:47:08,891 [INFO] bot_logger: Пользователь 7956301673 ввёл тему заявки на спикера: Машины
2025-05-25 11:47:14,561 [INFO] bot_logger: Проверка докладчика 7956301673 — False
2025-05-25 11:47:14,565 [INFO] bot_logger: Сохранена заявка спикера 7956301673, ФИО: Важный чел, тема: Машины
2025-05-25 11:47:14,565 [INFO] bot_logger: Пользователь 7956301673 отправил заявку на спикера. ФИО: Важный чел, Тема: Машины, Описание: Что то про машины
2025-05-25 11:47:25,753 [INFO] bot_logger: Успешно отправлено сообщение в chat_id=7956301673
2025-05-25 11:48:07,940 [INFO] bot_logger: Запрошены вопросы для спикера 105718620
2025-05-25 11:48:07,941 [INFO] bot_logger: Спикер 105718620 запросил список вопросов
2025-05-25 11:49:11,106 [ERROR] bot_logger: Ошибка отправки сообщения chat_id=987654321: Chat not found
2025-05-25 11:49:11,783 [ERROR] bot_logger: Ошибка отправки сообщения chat_id=564738291: Chat not found
2025-05-25 11:49:12,384 [ERROR] bot_logger: Ошибка отправки сообщения chat_id=123456789: Chat not found
2025-05-25 11:49:12,984 [ERROR] bot_logger: Ошибка отправки сообщения chat_id=192837465: Chat not found
2025-05-25 11:49:13,626 [INFO] bot_logger: Успешно отправлено сообщение в chat_id=105718620
2025-05-25 11:49:46,940 [INFO] bot_logger: Пользователь 7956301673 начал заявку на спикера
2025-05-25 11:49:51,567 [INFO] bot_logger: Пользователь 7956301673 ввёл ФИО для заявки на спикера: Перец
2025-05-25 11:49:56,218 [INFO] bot_logger: Проверка докладчика 7956301673 — False
2025-05-25 11:49:56,219 [INFO] bot_logger: Пользователь 7956301673 ввёл тему заявки на спикера: Ии
2025-05-25 11:50:01,243 [INFO] bot_logger: Проверка докладчика 7956301673 — False
2025-05-25 11:50:01,243 [WARNING] bot_logger: Ошибка валидации заявки спикера 7956301673: ФИО обязательно (укажите полностью).
2025-05-25 11:50:01,243 [WARNING] bot_logger: Ошибка при сохранении заявки на спикера пользователя 7956301673: ФИО обязательно (укажите полностью).
2025-05-25 11:50:09,095 [INFO] bot_logger: Проверка докладчика 7956301673 — False
2025-05-25 11:50:09,095 [WARNING] bot_logger: Ошибка валидации заявки спикера 7956301673: ФИО обязательно (укажите полностью).
2025-05-25 11:50:09,096 [WARNING] bot_logger: Ошибка при сохранении заявки на спикера пользователя 7956301673: ФИО обязательно (укажите полностью).
2025-05-25 11:50:13,821 [INFO] bot_logger: Проверка докладчика 7956301673 — False
2025-05-25 11:50:13,822 [INFO] bot_logger: Пользователь 7956301673 отменил заявку на спикера на этапе описания
2025-05-25 11:50:15,237 [INFO] bot_logger: Пользователь 7956301673 начал заявку на спикера
2025-05-25 11:50:21,074 [INFO] bot_logger: Пользователь 7956301673 ввёл ФИО для заявки на спикера: Крутой Джо
2025-05-25 11:50:25,956 [INFO] bot_logger: Проверка докладчика 7956301673 — False
2025-05-25 11:50:25,956 [INFO] bot_logger: Пользователь 7956301673 ввёл тему заявки на спикера: Работа с ии
2025-05-25 11:50:36,517 [INFO] bot_logger: Проверка докладчика 7956301673 — False
2025-05-25 11:50:36,521 [INFO] bot_logger: Сохранена заявка спикера 7956301673, ФИО: Крутой Джо, тема: Работа с ии
2025-05-25 11:50:36,521 [INFO] bot_logger: Пользователь 7956301673 отправил заявку на спикера. ФИО: Крутой Джо, Тема: Работа с ии, Описание: Работа с ии и не только
2025-05-25 11:50:48,821 [INFO] bot_logger: Успешно отправлено сообщение в chat_id=7956301673
2025-05-25 11:51:33,027 [INFO] bot_logger: Пользователь 7956301673 начал процесс доната
2025-05-25 11:51:38,203 [WARNING] bot_logger: Ошибка ввода суммы доната пользователем 7956301673: Сумма должна быть больше 0
2025-05-25 11:51:40,269 [INFO] bot_logger: Проверка докладчика 7956301673 — False
2025-05-25 11:51:40,269 [INFO] bot_logger: Пользователь 7956301673 отменил донат
2025-05-25 12:03:26,744 [INFO] bot_logger: Проверка докладчика 105718620 — True
2025-05-25 12:03:26,744 [INFO] bot_logger: Регистрация пользователя 105718620
2025-05-25 12:03:26,744 [INFO] bot_logger: Пользователь 105718620 начал работу с ботом (/start)
2025-05-25 12:03:49,241 [INFO] bot_logger: Спикер 105718620 закончил выступление
2025-05-25 12:03:49,247 [INFO] bot_logger: Завершено выступление: 105718620 (talk_id=5)
2025-05-25 12:03:51,148 [INFO] bot_logger: Запрошены вопросы для спикера 105718620
2025-05-25 12:03:51,149 [INFO] bot_logger: Спикер 105718620 запросил список вопросов
2025-05-25 12:03:55,752 [INFO] bot_logger: Пользователь 105718620 запросил расписание мероприятия
2025-05-25 12:03:55,753 [INFO] bot_logger: Получено расписание мероприятий (2 событий)
2025-05-25 12:03:57,151 [INFO] bot_logger: Проверка докладчика 105718620 — True
2025-05-25 12:03:57,151 [INFO] bot_logger: Пользователь 105718620 вернулся в меню из расписания
2025-05-25 12:04:49,492 [INFO] bot_logger: Успешно отправлено сообщение в chat_id=7956301673
2025-05-25 14:53:47,464 [INFO] bot_logger: Успешно отправлено сообщение в chat_id=7956301673
2025-05-25 14:54:38,166 [INFO] bot_logger: Успешно отправлено сообщение в chat_id=7956301673
2025-05-25 14:55:17,577 [INFO] bot_logger: Проверка докладчика 7956301673 — False
2025-05-25 14:55:17,577 [INFO] bot_logger: Регистрация пользователя 7956301673
2025-05-25 14:55:17,577 [INFO] bot_logger: Пользователь 7956301673 начал работу с ботом (/start)
2025-05-25 14:55:19,817 [INFO] bot_logger: Пользователь 7956301673 начал заявку на спикера
2025-05-25 14:55:28,601 [INFO] bot_logger: Пользователь 7956301673 ввёл ФИО для заявки на спикера: Молоков молочковый
2025-05-25 14:55:33,702 [INFO] bot_logger: Проверка докладчика 7956301673 — False
2025-05-25 14:55:33,703 [INFO] bot_logger: Пользователь 7956301673 ввёл тему заявки на спикера: Ваз 2107
2025-05-25 14:55:40,628 [INFO] bot_logger: Проверка докладчика 7956301673 — False
2025-05-25 14:55:40,633 [INFO] bot_logger: Сохранена заявка спикера 7956301673, ФИО: Молоков молочковый, тема: Ваз 2107
2025-05-25 14:55:40,634 [INFO] bot_logger: Пользователь 7956301673 отправил заявку на спикера. ФИО: Молоков молочковый, Тема: Ваз 2107, Описание: Про тачки и моторы
2025-05-25 14:55:53,992 [INFO] bot_logger: Успешно отправлено сообщение в chat_id=105718620
2025-05-25 14:56:13,251 [INFO] bot_logger: Успешно отправлено сообщение в chat_id=7956301673
2025-05-25 14:56:17,030 [INFO] bot_logger: Успешно отправлено сообщение в chat_id=7956301673
2025-05-25 14:56:23,352 [INFO] bot_logger: Успешно отправлено сообщение в chat_id=7956301673
2025-05-25 18:02:58,259 [INFO] bot_logger: Успешно отправлено сообщение в chat_id=105718620
2025-05-25 18:04:38,202 [INFO] bot_logger: Проверка докладчика 7956301673 — False
2025-05-25 18:04:38,203 [INFO] bot_logger: Регистрация пользователя 7956301673
2025-05-25 18:04:38,203 [INFO] bot_logger: Пользователь 7956301673 начал работу с ботом (/start)
2025-05-25 18:04:47,799 [INFO] bot_logger: Проверка докладчика 105718620 — True
2025-05-25 18:04:47,799 [INFO] bot_logger: Регистрация пользователя 105718620
2025-05-25 18:04:47,799 [INFO] bot_logger: Пользователь 105718620 начал работу с ботом (/start)
2025-05-25 18:04:51,014 [INFO] bot_logger: Пользователь 105718620 начал заявку на спикера
2025-05-25 18:04:57,435 [INFO] bot_logger: Пользователь 105718620 ввёл ФИО для заявки на спикера: Тестовый Тест Тест
2025-05-25 18:05:01,208 [INFO] bot_logger: Проверка докладчика 105718620 — True
2025-05-25 18:05:01,208 [INFO] bot_logger: Пользователь 105718620 ввёл тему заявки на спикера: Тестовый Тест Тест
2025-05-25 18:05:06,276 [INFO] bot_logger: Проверка докладчика 105718620 — True
2025-05-25 18:05:06,281 [INFO] bot_logger: Сохранена заявка спикера 105718620, ФИО: Тестовый Тест Тест, тема: Тестовый Тест Тест
2025-05-25 18:05:06,281 [INFO] bot_logger: Пользователь 105718620 отправил заявку на спикера. ФИО: Тестовый Тест Тест, Тема: Тестовый Тест Тест, Описание: Тестовый Тест Теск
2025-05-25 18:05:14,388 [INFO] bot_logger: Успешно отправлено сообщение в chat_id=105718620
2025-05-25 18:05:18,219 [INFO] bot_logger: Успешно отправлено сообщение в chat_id=105718620
2025-05-25 18:05:22,659 [INFO] bot_logger: Пользователь 105718620 запросил расписание мероприятия
2025-05-25 18:05:22,661 [INFO] bot_logger: Получено расписание мероприятий (2 событий)
2025-05-25 18:05:25,237 [INFO] bot_logger: Проверка докладчика 105718620 — True
2025-05-25 18:05:25,237 [INFO] bot_logger: Пользователь 105718620 вернулся в меню из расписания
2025-05-25 18:05:27,946 [INFO] bot_logger: Нет активного спикера
2025-05-25 18:05:27,947 [INFO] bot_logger: Проверка докладчика 105718620 — True
2025-05-25 18:05:27,947 [INFO] bot_logger: Пользователь 105718620 зашёл в раздел Q&A
2025-05-25 18:05:27,947 [INFO] bot_logger: Пользователь 105718620 хотел задать вопрос, но нет активного спикера
2025-05-25 18:05:30,170 [INFO] bot_logger: Спикер 105718620 начал выступление
2025-05-25 18:05:30,176 [INFO] bot_logger: Назначен активный доклад: 5
2025-05-25 18:05:30,176 [INFO] bot_logger: Старт выступления: 105718620 (talk_id=5)
2025-05-25 18:05:31,537 [INFO] bot_logger: Активный спикер: Роман Грачев (talk_id=5)
2025-05-25 18:05:31,538 [INFO] bot_logger: Проверка докладчика 105718620 — True
2025-05-25 18:05:31,538 [INFO] bot_logger: Пользователь 105718620 зашёл в раздел Q&A
2025-05-25 18:05:34,998 [INFO] bot_logger: Проверка докладчика 105718620 — True
2025-05-25 18:05:35,004 [INFO] bot_logger: Пользователь 105718620 задал вопрос активному спикеру Роман Грачев
2025-05-25 18:05:35,004 [INFO] bot_logger: Пользователь 105718620 отправил вопрос спикеру: 'Как дела?'
2025-05-25 18:05:36,810 [INFO] bot_logger: Запрошены вопросы для спикера 105718620
2025-05-25 18:05:36,811 [INFO] bot_logger: Спикер 105718620 запросил список вопросов
2025-05-25 18:05:42,071 [INFO] bot_logger: Спикер 105718620 закончил выступление
2025-05-25 18:05:42,079 [INFO] bot_logger: Завершено выступление: 105718620 (talk_id=5)
